<?xml version="1.0" encoding="UTF-8"?>
<!-- Generated by org.testng.reporters.JUnitReportReporter -->
<testsuite hostname="Admin" name="com.demokart.tests.HomePageTest" tests="1" failures="0" timestamp="29 Sep 2019 04:45:29 GMT" time="44.301" errors="0">
  <testcase name="addProductToKartAndVerify" time="44.301" classname="com.demokart.tests.HomePageTest"/>
</testsuite> <!-- com.demokart.tests.HomePageTest -->
