<?xml version="1.0" encoding="UTF-8"?>
<!-- Generated by org.testng.reporters.JUnitReportReporter -->
<testsuite hostname="Admin" name="com.demokart.tests.CartPageTest" tests="1" failures="0" timestamp="29 Sep 2019 04:45:29 GMT" time="55.512" errors="0">
  <testcase name="verifyTotalPriceOfkartProducts" time="55.512" classname="com.demokart.tests.CartPageTest"/>
</testsuite> <!-- com.demokart.tests.CartPageTest -->
